[2017-01-27 00:47:29] local.ERROR: exception 'ErrorException' with message 'Trying to get property of non-object' in D:\xampp\htdocs\larus2\trunk\modules\Tasks\Http\ViewComposers\TaskComposer.php:37
Stack trace:
#0 D:\xampp\htdocs\larus2\trunk\modules\Tasks\Http\ViewComposers\TaskComposer.php(37): Illuminate\Foundation\Bootstrap\HandleExceptions->handleError(8, 'Trying to get p...', 'D:\\xampp\\htdocs...', 37, Array)
#1 [internal function]: Modules\Tasks\Http\ViewComposers\TaskComposer->compose(Object(Illuminate\View\View))
#2 D:\xampp\htdocs\larus2\trunk\vendor\laravel\framework\src\Illuminate\View\Factory.php(466): call_user_func_array(Array, Array)
#3 [internal function]: Illuminate\View\Factory->Illuminate\View\{closure}(Object(Illuminate\View\View))
#4 D:\xampp\htdocs\larus2\trunk\vendor\laravel\framework\src\Illuminate\Events\Dispatcher.php(221): call_user_func_array(Object(Closure), Array)
#5 D:\xampp\htdocs\larus2\trunk\vendor\laravel\framework\src\Illuminate\View\Factory.php(496): Illuminate\Events\Dispatcher->fire('composing: part...', Array)
#6 D:\xampp\htdocs\larus2\trunk\vendor\laravel\framework\src\Illuminate\View\View.php(116): Illuminate\View\Factory->callComposer(Object(Illuminate\View\View))
#7 D:\xampp\htdocs\larus2\trunk\vendor\laravel\framework\src\Illuminate\View\View.php(83): Illuminate\View\View->renderContents()
#8 D:\xampp\htdocs\larus2\trunk\storage\framework\views\d3219562f43cf2eeb9a528c5699502cc(33): Illuminate\View\View->render()
#9 D:\xampp\htdocs\larus2\trunk\vendor\laravel\framework\src\Illuminate\View\Engines\PhpEngine.php(42): include('D:\\xampp\\htdocs...')
#10 D:\xampp\htdocs\larus2\trunk\vendor\laravel\framework\src\Illuminate\View\Engines\CompilerEngine.php(58): Illuminate\View\Engines\PhpEngine->evaluatePath('D:\\xampp\\htdocs...', Array)
#11 D:\xampp\htdocs\larus2\trunk\vendor\laravel\framework\src\Illuminate\View\View.php(147): Illuminate\View\Engines\CompilerEngine->get('D:\\xampp\\htdocs...', Array)
#12 D:\xampp\htdocs\larus2\trunk\vendor\laravel\framework\src\Illuminate\View\View.php(118): Illuminate\View\View->getContents()
#13 D:\xampp\htdocs\larus2\trunk\vendor\laravel\framework\src\Illuminate\View\View.php(83): Illuminate\View\View->renderContents()
#14 D:\xampp\htdocs\larus2\trunk\storage\framework\views\7cfe642a99b29841cf78ca2ecd8b3842(24): Illuminate\View\View->render()
#15 D:\xampp\htdocs\larus2\trunk\vendor\laravel\framework\src\Illuminate\View\Engines\PhpEngine.php(42): include('D:\\xampp\\htdocs...')
#16 D:\xampp\htdocs\larus2\trunk\vendor\laravel\framework\src\Illuminate\View\Engines\CompilerEngine.php(58): Illuminate\View\Engines\PhpEngine->evaluatePath('D:\\xampp\\htdocs...', Array)
#17 D:\xampp\htdocs\larus2\trunk\vendor\laravel\framework\src\Illuminate\View\View.php(147): Illuminate\View\Engines\CompilerEngine->get('D:\\xampp\\htdocs...', Array)
#18 D:\xampp\htdocs\larus2\trunk\vendor\laravel\framework\src\Illuminate\View\View.php(118): Illuminate\View\View->getContents()
#19 D:\xampp\htdocs\larus2\trunk\vendor\laravel\framework\src\Illuminate\View\View.php(83): Illuminate\View\View->renderContents()
#20 D:\xampp\htdocs\larus2\trunk\vendor\laravel\framework\src\Illuminate\Http\Response.php(51): Illuminate\View\View->render()
#21 D:\xampp\htdocs\larus2\trunk\vendor\symfony\http-foundation\Response.php(202): Illuminate\Http\Response->setContent(Object(Illuminate\View\View))
#22 D:\xampp\htdocs\larus2\trunk\vendor\laravel\framework\src\Illuminate\Routing\ResponseFactory.php(57): Symfony\Component\HttpFoundation\Response->__construct(Object(Illuminate\View\View), 404, Array)
#23 D:\xampp\htdocs\larus2\trunk\vendor\laravel\framework\src\Illuminate\Routing\ResponseFactory.php(71): Illuminate\Routing\ResponseFactory->make(Object(Illuminate\View\View), 404, Array)
#24 D:\xampp\htdocs\larus2\trunk\vendor\laravel\framework\src\Illuminate\Foundation\Exceptions\Handler.php(141): Illuminate\Routing\ResponseFactory->view('errors.404', Array, 404)
#25 D:\xampp\htdocs\larus2\trunk\vendor\laravel\framework\src\Illuminate\Foundation\Exceptions\Handler.php(96): Illuminate\Foundation\Exceptions\Handler->renderHttpException(Object(Symfony\Component\HttpKernel\Exception\NotFoundHttpException))
#26 D:\xampp\htdocs\larus2\trunk\app\Exceptions\Handler.php(39): Illuminate\Foundation\Exceptions\Handler->render(Object(Illuminate\Http\Request), Object(Symfony\Component\HttpKernel\Exception\NotFoundHttpException))
#27 D:\xampp\htdocs\larus2\trunk\vendor\laravel\framework\src\Illuminate\Foundation\Http\Kernel.php(281): App\Exceptions\Handler->render(Object(Illuminate\Http\Request), Object(Symfony\Component\HttpKernel\Exception\NotFoundHttpException))
#28 D:\xampp\htdocs\larus2\trunk\vendor\laravel\framework\src\Illuminate\Foundation\Http\Kernel.php(91): Illuminate\Foundation\Http\Kernel->renderException(Object(Illuminate\Http\Request), Object(Symfony\Component\HttpKernel\Exception\NotFoundHttpException))
#29 D:\xampp\htdocs\larus2\trunk\public\index.php(53): Illuminate\Foundation\Http\Kernel->handle(Object(Illuminate\Http\Request))
#30 {main}

Next exception 'ErrorException' with message 'Trying to get property of non-object (View: D:\xampp\htdocs\larus2\trunk\resources\views\layout\master.blade.php)' in D:\xampp\htdocs\larus2\trunk\modules\Tasks\Http\ViewComposers\TaskComposer.php:37
Stack trace:
#0 D:\xampp\htdocs\larus2\trunk\vendor\laravel\framework\src\Illuminate\View\Engines\PhpEngine.php(44): Illuminate\View\Engines\CompilerEngine->handleViewException(Object(ErrorException), 2)
#1 D:\xampp\htdocs\larus2\trunk\vendor\laravel\framework\src\Illuminate\View\Engines\CompilerEngine.php(58): Illuminate\View\Engines\PhpEngine->evaluatePath('D:\\xampp\\htdocs...', Array)
#2 D:\xampp\htdocs\larus2\trunk\vendor\laravel\framework\src\Illuminate\View\View.php(147): Illuminate\View\Engines\CompilerEngine->get('D:\\xampp\\htdocs...', Array)
#3 D:\xampp\htdocs\larus2\trunk\vendor\laravel\framework\src\Illuminate\View\View.php(118): Illuminate\View\View->getContents()
#4 D:\xampp\htdocs\larus2\trunk\vendor\laravel\framework\src\Illuminate\View\View.php(83): Illuminate\View\View->renderContents()
#5 D:\xampp\htdocs\larus2\trunk\storage\framework\views\7cfe642a99b29841cf78ca2ecd8b3842(24): Illuminate\View\View->render()
#6 D:\xampp\htdocs\larus2\trunk\vendor\laravel\framework\src\Illuminate\View\Engines\PhpEngine.php(42): include('D:\\xampp\\htdocs...')
#7 D:\xampp\htdocs\larus2\trunk\vendor\laravel\framework\src\Illuminate\View\Engines\CompilerEngine.php(58): Illuminate\View\Engines\PhpEngine->evaluatePath('D:\\xampp\\htdocs...', Array)
#8 D:\xampp\htdocs\larus2\trunk\vendor\laravel\framework\src\Illuminate\View\View.php(147): Illuminate\View\Engines\CompilerEngine->get('D:\\xampp\\htdocs...', Array)
#9 D:\xampp\htdocs\larus2\trunk\vendor\laravel\framework\src\Illuminate\View\View.php(118): Illuminate\View\View->getContents()
#10 D:\xampp\htdocs\larus2\trunk\vendor\laravel\framework\src\Illuminate\View\View.php(83): Illuminate\View\View->renderContents()
#11 D:\xampp\htdocs\larus2\trunk\vendor\laravel\framework\src\Illuminate\Http\Response.php(51): Illuminate\View\View->render()
#12 D:\xampp\htdocs\larus2\trunk\vendor\symfony\http-foundation\Response.php(202): Illuminate\Http\Response->setContent(Object(Illuminate\View\View))
#13 D:\xampp\htdocs\larus2\trunk\vendor\laravel\framework\src\Illuminate\Routing\ResponseFactory.php(57): Symfony\Component\HttpFoundation\Response->__construct(Object(Illuminate\View\View), 404, Array)
#14 D:\xampp\htdocs\larus2\trunk\vendor\laravel\framework\src\Illuminate\Routing\ResponseFactory.php(71): Illuminate\Routing\ResponseFactory->make(Object(Illuminate\View\View), 404, Array)
#15 D:\xampp\htdocs\larus2\trunk\vendor\laravel\framework\src\Illuminate\Foundation\Exceptions\Handler.php(141): Illuminate\Routing\ResponseFactory->view('errors.404', Array, 404)
#16 D:\xampp\htdocs\larus2\trunk\vendor\laravel\framework\src\Illuminate\Foundation\Exceptions\Handler.php(96): Illuminate\Foundation\Exceptions\Handler->renderHttpException(Object(Symfony\Component\HttpKernel\Exception\NotFoundHttpException))
#17 D:\xampp\htdocs\larus2\trunk\app\Exceptions\Handler.php(39): Illuminate\Foundation\Exceptions\Handler->render(Object(Illuminate\Http\Request), Object(Symfony\Component\HttpKernel\Exception\NotFoundHttpException))
#18 D:\xampp\htdocs\larus2\trunk\vendor\laravel\framework\src\Illuminate\Foundation\Http\Kernel.php(281): App\Exceptions\Handler->render(Object(Illuminate\Http\Request), Object(Symfony\Component\HttpKernel\Exception\NotFoundHttpException))
#19 D:\xampp\htdocs\larus2\trunk\vendor\laravel\framework\src\Illuminate\Foundation\Http\Kernel.php(91): Illuminate\Foundation\Http\Kernel->renderException(Object(Illuminate\Http\Request), Object(Symfony\Component\HttpKernel\Exception\NotFoundHttpException))
#20 D:\xampp\htdocs\larus2\trunk\public\index.php(53): Illuminate\Foundation\Http\Kernel->handle(Object(Illuminate\Http\Request))
#21 {main}

Next exception 'ErrorException' with message 'Trying to get property of non-object (View: D:\xampp\htdocs\larus2\trunk\resources\views\layout\master.blade.php) (View: D:\xampp\htdocs\larus2\trunk\resources\views\layout\master.blade.php)' in D:\xampp\htdocs\larus2\trunk\modules\Tasks\Http\ViewComposers\TaskComposer.php:37
Stack trace:
#0 D:\xampp\htdocs\larus2\trunk\vendor\laravel\framework\src\Illuminate\View\Engines\PhpEngine.php(44): Illuminate\View\Engines\CompilerEngine->handleViewException(Object(ErrorException), 1)
#1 D:\xampp\htdocs\larus2\trunk\vendor\laravel\framework\src\Illuminate\View\Engines\CompilerEngine.php(58): Illuminate\View\Engines\PhpEngine->evaluatePath('D:\\xampp\\htdocs...', Array)
#2 D:\xampp\htdocs\larus2\trunk\vendor\laravel\framework\src\Illuminate\View\View.php(147): Illuminate\View\Engines\CompilerEngine->get('D:\\xampp\\htdocs...', Array)
#3 D:\xampp\htdocs\larus2\trunk\vendor\laravel\framework\src\Illuminate\View\View.php(118): Illuminate\View\View->getContents()
#4 D:\xampp\htdocs\larus2\trunk\vendor\laravel\framework\src\Illuminate\View\View.php(83): Illuminate\View\View->renderContents()
#5 D:\xampp\htdocs\larus2\trunk\vendor\laravel\framework\src\Illuminate\Http\Response.php(51): Illuminate\View\View->render()
#6 D:\xampp\htdocs\larus2\trunk\vendor\symfony\http-foundation\Response.php(202): Illuminate\Http\Response->setContent(Object(Illuminate\View\View))
#7 D:\xampp\htdocs\larus2\trunk\vendor\laravel\framework\src\Illuminate\Routing\ResponseFactory.php(57): Symfony\Component\HttpFoundation\Response->__construct(Object(Illuminate\View\View), 404, Array)
#8 D:\xampp\htdocs\larus2\trunk\vendor\laravel\framework\src\Illuminate\Routing\ResponseFactory.php(71): Illuminate\Routing\ResponseFactory->make(Object(Illuminate\View\View), 404, Array)
#9 D:\xampp\htdocs\larus2\trunk\vendor\laravel\framework\src\Illuminate\Foundation\Exceptions\Handler.php(141): Illuminate\Routing\ResponseFactory->view('errors.404', Array, 404)
#10 D:\xampp\htdocs\larus2\trunk\vendor\laravel\framework\src\Illuminate\Foundation\Exceptions\Handler.php(96): Illuminate\Foundation\Exceptions\Handler->renderHttpException(Object(Symfony\Component\HttpKernel\Exception\NotFoundHttpException))
#11 D:\xampp\htdocs\larus2\trunk\app\Exceptions\Handler.php(39): Illuminate\Foundation\Exceptions\Handler->render(Object(Illuminate\Http\Request), Object(Symfony\Component\HttpKernel\Exception\NotFoundHttpException))
#12 D:\xampp\htdocs\larus2\trunk\vendor\laravel\framework\src\Illuminate\Foundation\Http\Kernel.php(281): App\Exceptions\Handler->render(Object(Illuminate\Http\Request), Object(Symfony\Component\HttpKernel\Exception\NotFoundHttpException))
#13 D:\xampp\htdocs\larus2\trunk\vendor\laravel\framework\src\Illuminate\Foundation\Http\Kernel.php(91): Illuminate\Foundation\Http\Kernel->renderException(Object(Illuminate\Http\Request), Object(Symfony\Component\HttpKernel\Exception\NotFoundHttpException))
#14 D:\xampp\htdocs\larus2\trunk\public\index.php(53): Illuminate\Foundation\Http\Kernel->handle(Object(Illuminate\Http\Request))
#15 {main}  
