[2017-02-03 00:06:08] local.ERROR: exception 'Symfony\Component\Debug\Exception\FatalErrorException' with message 'Class 'Modules\FueraServicio\Providers\FueraServicioServiceProvider' not found' in D:\xampp\htdocs\larus2\trunk\vendor\laravel\framework\src\Illuminate\Foundation\Application.php:575
Stack trace:
#0 {main}  
[2017-02-03 00:08:12] local.ERROR: exception 'InvalidArgumentException' with message 'Route [fueraservicio.index] not defined.' in D:\xampp\htdocs\larus2\trunk\vendor\laravel\framework\src\Illuminate\Routing\UrlGenerator.php:306
Stack trace:
#0 D:\xampp\htdocs\larus2\trunk\vendor\laravel\framework\src\Illuminate\Foundation\helpers.php(611): Illuminate\Routing\UrlGenerator->route('fueraservicio.i...', Array, true, NULL)
#1 D:\xampp\htdocs\larus2\trunk\vendor\pingpong\menus\MenuItem.php(314): route('fueraservicio.i...', Array)
#2 D:\xampp\htdocs\larus2\trunk\vendor\pingpong\menus\MenuItem.php(536): Pingpong\Menus\MenuItem->getUrl()
#3 D:\xampp\htdocs\larus2\trunk\vendor\pingpong\menus\MenuItem.php(513): Pingpong\Menus\MenuItem->getActiveStateFromRoute()
#4 D:\xampp\htdocs\larus2\trunk\vendor\pingpong\menus\MenuItem.php(439): Pingpong\Menus\MenuItem->isActive()
#5 D:\xampp\htdocs\larus2\trunk\vendor\pingpong\menus\MenuItem.php(426): Pingpong\Menus\MenuItem->getActiveStateFromChilds()
#6 D:\xampp\htdocs\larus2\trunk\app\Presenters\SidebarMenuPresenter.php(63): Pingpong\Menus\MenuItem->hasActiveOnChild()
#7 D:\xampp\htdocs\larus2\trunk\app\Presenters\SidebarMenuPresenter.php(80): App\Presenters\SidebarMenuPresenter->getActiveStateOnChild(Object(Pingpong\Menus\MenuItem), ' active')
#8 D:\xampp\htdocs\larus2\trunk\app\Presenters\SidebarMenuPresenter.php(106): App\Presenters\SidebarMenuPresenter->getMenuWithDropDownWrapper(Object(Pingpong\Menus\MenuItem))
#9 D:\xampp\htdocs\larus2\trunk\vendor\pingpong\menus\Presenters\Presenter.php(96): App\Presenters\SidebarMenuPresenter->getMultiLevelDropdownWrapper(Object(Pingpong\Menus\MenuItem))
#10 D:\xampp\htdocs\larus2\trunk\app\Presenters\SidebarMenuPresenter.php(89): Pingpong\Menus\Presenters\Presenter->getChildMenuItems(Object(Pingpong\Menus\MenuItem))
#11 D:\xampp\htdocs\larus2\trunk\vendor\pingpong\menus\MenuBuilder.php(571): App\Presenters\SidebarMenuPresenter->getMenuWithDropDownWrapper(Object(Pingpong\Menus\MenuItem))
#12 D:\xampp\htdocs\larus2\trunk\vendor\pingpong\menus\MenuBuilder.php(470): Pingpong\Menus\MenuBuilder->renderMenu()
#13 D:\xampp\htdocs\larus2\trunk\vendor\pingpong\menus\Menu.php(113): Pingpong\Menus\MenuBuilder->render(NULL)
#14 D:\xampp\htdocs\larus2\trunk\vendor\pingpong\menus\Menu.php(126): Pingpong\Menus\Menu->get('sidebar-menu', NULL)
#15 D:\xampp\htdocs\larus2\trunk\vendor\laravel\framework\src\Illuminate\Support\Facades\Facade.php(215): Pingpong\Menus\Menu->render('sidebar-menu')
#16 D:\xampp\htdocs\larus2\trunk\storage\framework\views\ac0a72140fbee648229e6efbe47bcaa9(14): Illuminate\Support\Facades\Facade::__callStatic('render', Array)
#17 D:\xampp\htdocs\larus2\trunk\storage\framework\views\ac0a72140fbee648229e6efbe47bcaa9(14): Pingpong\Menus\MenuFacade::render('sidebar-menu')
#18 D:\xampp\htdocs\larus2\trunk\vendor\laravel\framework\src\Illuminate\View\Engines\PhpEngine.php(42): include('D:\\xampp\\htdocs...')
#19 D:\xampp\htdocs\larus2\trunk\vendor\laravel\framework\src\Illuminate\View\Engines\CompilerEngine.php(58): Illuminate\View\Engines\PhpEngine->evaluatePath('D:\\xampp\\htdocs...', Array)
#20 D:\xampp\htdocs\larus2\trunk\vendor\laravel\framework\src\Illuminate\View\View.php(147): Illuminate\View\Engines\CompilerEngine->get('D:\\xampp\\htdocs...', Array)
#21 D:\xampp\htdocs\larus2\trunk\vendor\laravel\framework\src\Illuminate\View\View.php(118): Illuminate\View\View->getContents()
#22 D:\xampp\htdocs\larus2\trunk\vendor\laravel\framework\src\Illuminate\View\View.php(83): Illuminate\View\View->renderContents()
#23 D:\xampp\htdocs\larus2\trunk\storage\framework\views\d3219562f43cf2eeb9a528c5699502cc(35): Illuminate\View\View->render()
#24 D:\xampp\htdocs\larus2\trunk\vendor\laravel\framework\src\Illuminate\View\Engines\PhpEngine.php(42): include('D:\\xampp\\htdocs...')
#25 D:\xampp\htdocs\larus2\trunk\vendor\laravel\framework\src\Illuminate\View\Engines\CompilerEngine.php(58): Illuminate\View\Engines\PhpEngine->evaluatePath('D:\\xampp\\htdocs...', Array)
#26 D:\xampp\htdocs\larus2\trunk\vendor\laravel\framework\src\Illuminate\View\View.php(147): Illuminate\View\Engines\CompilerEngine->get('D:\\xampp\\htdocs...', Array)
#27 D:\xampp\htdocs\larus2\trunk\vendor\laravel\framework\src\Illuminate\View\View.php(118): Illuminate\View\View->getContents()
#28 D:\xampp\htdocs\larus2\trunk\vendor\laravel\framework\src\Illuminate\View\View.php(83): Illuminate\View\View->renderContents()
#29 D:\xampp\htdocs\larus2\trunk\storage\framework\views\7cfe642a99b29841cf78ca2ecd8b3842(24): Illuminate\View\View->render()
#30 D:\xampp\htdocs\larus2\trunk\vendor\laravel\framework\src\Illuminate\View\Engines\PhpEngine.php(42): include('D:\\xampp\\htdocs...')
#31 D:\xampp\htdocs\larus2\trunk\vendor\laravel\framework\src\Illuminate\View\Engines\CompilerEngine.php(58): Illuminate\View\Engines\PhpEngine->evaluatePath('D:\\xampp\\htdocs...', Array)
#32 D:\xampp\htdocs\larus2\trunk\vendor\laravel\framework\src\Illuminate\View\View.php(147): Illuminate\View\Engines\CompilerEngine->get('D:\\xampp\\htdocs...', Array)
#33 D:\xampp\htdocs\larus2\trunk\vendor\laravel\framework\src\Illuminate\View\View.php(118): Illuminate\View\View->getContents()
#34 D:\xampp\htdocs\larus2\trunk\vendor\laravel\framework\src\Illuminate\View\View.php(83): Illuminate\View\View->renderContents()
#35 D:\xampp\htdocs\larus2\trunk\vendor\laravel\framework\src\Illuminate\Http\Response.php(51): Illuminate\View\View->render()
#36 D:\xampp\htdocs\larus2\trunk\vendor\symfony\http-foundation\Response.php(202): Illuminate\Http\Response->setContent(Object(Illuminate\View\View))
#37 D:\xampp\htdocs\larus2\trunk\vendor\laravel\framework\src\Illuminate\Routing\ResponseFactory.php(57): Symfony\Component\HttpFoundation\Response->__construct(Object(Illuminate\View\View), 404, Array)
#38 D:\xampp\htdocs\larus2\trunk\vendor\laravel\framework\src\Illuminate\Routing\ResponseFactory.php(71): Illuminate\Routing\ResponseFactory->make(Object(Illuminate\View\View), 404, Array)
#39 D:\xampp\htdocs\larus2\trunk\vendor\laravel\framework\src\Illuminate\Foundation\Exceptions\Handler.php(141): Illuminate\Routing\ResponseFactory->view('errors.404', Array, 404)
#40 D:\xampp\htdocs\larus2\trunk\vendor\laravel\framework\src\Illuminate\Foundation\Exceptions\Handler.php(96): Illuminate\Foundation\Exceptions\Handler->renderHttpException(Object(Symfony\Component\HttpKernel\Exception\NotFoundHttpException))
#41 D:\xampp\htdocs\larus2\trunk\app\Exceptions\Handler.php(39): Illuminate\Foundation\Exceptions\Handler->render(Object(Illuminate\Http\Request), Object(Symfony\Component\HttpKernel\Exception\NotFoundHttpException))
#42 D:\xampp\htdocs\larus2\trunk\vendor\laravel\framework\src\Illuminate\Foundation\Http\Kernel.php(281): App\Exceptions\Handler->render(Object(Illuminate\Http\Request), Object(Symfony\Component\HttpKernel\Exception\NotFoundHttpException))
#43 D:\xampp\htdocs\larus2\trunk\vendor\laravel\framework\src\Illuminate\Foundation\Http\Kernel.php(91): Illuminate\Foundation\Http\Kernel->renderException(Object(Illuminate\Http\Request), Object(Symfony\Component\HttpKernel\Exception\NotFoundHttpException))
#44 D:\xampp\htdocs\larus2\trunk\public\index.php(53): Illuminate\Foundation\Http\Kernel->handle(Object(Illuminate\Http\Request))
#45 {main}

Next exception 'ErrorException' with message 'Route [fueraservicio.index] not defined. (View: D:\xampp\htdocs\larus2\trunk\resources\views\partials\sidebar.blade.php)' in D:\xampp\htdocs\larus2\trunk\vendor\laravel\framework\src\Illuminate\Routing\UrlGenerator.php:306
Stack trace:
#0 D:\xampp\htdocs\larus2\trunk\vendor\laravel\framework\src\Illuminate\View\Engines\PhpEngine.php(44): Illuminate\View\Engines\CompilerEngine->handleViewException(Object(InvalidArgumentException), 3)
#1 D:\xampp\htdocs\larus2\trunk\vendor\laravel\framework\src\Illuminate\View\Engines\CompilerEngine.php(58): Illuminate\View\Engines\PhpEngine->evaluatePath('D:\\xampp\\htdocs...', Array)
#2 D:\xampp\htdocs\larus2\trunk\vendor\laravel\framework\src\Illuminate\View\View.php(147): Illuminate\View\Engines\CompilerEngine->get('D:\\xampp\\htdocs...', Array)
#3 D:\xampp\htdocs\larus2\trunk\vendor\laravel\framework\src\Illuminate\View\View.php(118): Illuminate\View\View->getContents()
#4 D:\xampp\htdocs\larus2\trunk\vendor\laravel\framework\src\Illuminate\View\View.php(83): Illuminate\View\View->renderContents()
#5 D:\xampp\htdocs\larus2\trunk\storage\framework\views\d3219562f43cf2eeb9a528c5699502cc(35): Illuminate\View\View->render()
#6 D:\xampp\htdocs\larus2\trunk\vendor\laravel\framework\src\Illuminate\View\Engines\PhpEngine.php(42): include('D:\\xampp\\htdocs...')
#7 D:\xampp\htdocs\larus2\trunk\vendor\laravel\framework\src\Illuminate\View\Engines\CompilerEngine.php(58): Illuminate\View\Engines\PhpEngine->evaluatePath('D:\\xampp\\htdocs...', Array)
#8 D:\xampp\htdocs\larus2\trunk\vendor\laravel\framework\src\Illuminate\View\View.php(147): Illuminate\View\Engines\CompilerEngine->get('D:\\xampp\\htdocs...', Array)
#9 D:\xampp\htdocs\larus2\trunk\vendor\laravel\framework\src\Illuminate\View\View.php(118): Illuminate\View\View->getContents()
#10 D:\xampp\htdocs\larus2\trunk\vendor\laravel\framework\src\Illuminate\View\View.php(83): Illuminate\View\View->renderContents()
#11 D:\xampp\htdocs\larus2\trunk\storage\framework\views\7cfe642a99b29841cf78ca2ecd8b3842(24): Illuminate\View\View->render()
#12 D:\xampp\htdocs\larus2\trunk\vendor\laravel\framework\src\Illuminate\View\Engines\PhpEngine.php(42): include('D:\\xampp\\htdocs...')
#13 D:\xampp\htdocs\larus2\trunk\vendor\laravel\framework\src\Illuminate\View\Engines\CompilerEngine.php(58): Illuminate\View\Engines\PhpEngine->evaluatePath('D:\\xampp\\htdocs...', Array)
#14 D:\xampp\htdocs\larus2\trunk\vendor\laravel\framework\src\Illuminate\View\View.php(147): Illuminate\View\Engines\CompilerEngine->get('D:\\xampp\\htdocs...', Array)
#15 D:\xampp\htdocs\larus2\trunk\vendor\laravel\framework\src\Illuminate\View\View.php(118): Illuminate\View\View->getContents()
#16 D:\xampp\htdocs\larus2\trunk\vendor\laravel\framework\src\Illuminate\View\View.php(83): Illuminate\View\View->renderContents()
#17 D:\xampp\htdocs\larus2\trunk\vendor\laravel\framework\src\Illuminate\Http\Response.php(51): Illuminate\View\View->render()
#18 D:\xampp\htdocs\larus2\trunk\vendor\symfony\http-foundation\Response.php(202): Illuminate\Http\Response->setContent(Object(Illuminate\View\View))
#19 D:\xampp\htdocs\larus2\trunk\vendor\laravel\framework\src\Illuminate\Routing\ResponseFactory.php(57): Symfony\Component\HttpFoundation\Response->__construct(Object(Illuminate\View\View), 404, Array)
#20 D:\xampp\htdocs\larus2\trunk\vendor\laravel\framework\src\Illuminate\Routing\ResponseFactory.php(71): Illuminate\Routing\ResponseFactory->make(Object(Illuminate\View\View), 404, Array)
#21 D:\xampp\htdocs\larus2\trunk\vendor\laravel\framework\src\Illuminate\Foundation\Exceptions\Handler.php(141): Illuminate\Routing\ResponseFactory->view('errors.404', Array, 404)
#22 D:\xampp\htdocs\larus2\trunk\vendor\laravel\framework\src\Illuminate\Foundation\Exceptions\Handler.php(96): Illuminate\Foundation\Exceptions\Handler->renderHttpException(Object(Symfony\Component\HttpKernel\Exception\NotFoundHttpException))
#23 D:\xampp\htdocs\larus2\trunk\app\Exceptions\Handler.php(39): Illuminate\Foundation\Exceptions\Handler->render(Object(Illuminate\Http\Request), Object(Symfony\Component\HttpKernel\Exception\NotFoundHttpException))
#24 D:\xampp\htdocs\larus2\trunk\vendor\laravel\framework\src\Illuminate\Foundation\Http\Kernel.php(281): App\Exceptions\Handler->render(Object(Illuminate\Http\Request), Object(Symfony\Component\HttpKernel\Exception\NotFoundHttpException))
#25 D:\xampp\htdocs\larus2\trunk\vendor\laravel\framework\src\Illuminate\Foundation\Http\Kernel.php(91): Illuminate\Foundation\Http\Kernel->renderException(Object(Illuminate\Http\Request), Object(Symfony\Component\HttpKernel\Exception\NotFoundHttpException))
#26 D:\xampp\htdocs\larus2\trunk\public\index.php(53): Illuminate\Foundation\Http\Kernel->handle(Object(Illuminate\Http\Request))
#27 {main}

Next exception 'ErrorException' with message 'Route [fueraservicio.index] not defined. (View: D:\xampp\htdocs\larus2\trunk\resources\views\partials\sidebar.blade.php) (View: D:\xampp\htdocs\larus2\trunk\resources\views\partials\sidebar.blade.php)' in D:\xampp\htdocs\larus2\trunk\vendor\laravel\framework\src\Illuminate\Routing\UrlGenerator.php:306
Stack trace:
#0 D:\xampp\htdocs\larus2\trunk\vendor\laravel\framework\src\Illuminate\View\Engines\PhpEngine.php(44): Illuminate\View\Engines\CompilerEngine->handleViewException(Object(ErrorException), 2)
#1 D:\xampp\htdocs\larus2\trunk\vendor\laravel\framework\src\Illuminate\View\Engines\CompilerEngine.php(58): Illuminate\View\Engines\PhpEngine->evaluatePath('D:\\xampp\\htdocs...', Array)
#2 D:\xampp\htdocs\larus2\trunk\vendor\laravel\framework\src\Illuminate\View\View.php(147): Illuminate\View\Engines\CompilerEngine->get('D:\\xampp\\htdocs...', Array)
#3 D:\xampp\htdocs\larus2\trunk\vendor\laravel\framework\src\Illuminate\View\View.php(118): Illuminate\View\View->getContents()
#4 D:\xampp\htdocs\larus2\trunk\vendor\laravel\framework\src\Illuminate\View\View.php(83): Illuminate\View\View->renderContents()
#5 D:\xampp\htdocs\larus2\trunk\storage\framework\views\7cfe642a99b29841cf78ca2ecd8b3842(24): Illuminate\View\View->render()
#6 D:\xampp\htdocs\larus2\trunk\vendor\laravel\framework\src\Illuminate\View\Engines\PhpEngine.php(42): include('D:\\xampp\\htdocs...')
#7 D:\xampp\htdocs\larus2\trunk\vendor\laravel\framework\src\Illuminate\View\Engines\CompilerEngine.php(58): Illuminate\View\Engines\PhpEngine->evaluatePath('D:\\xampp\\htdocs...', Array)
#8 D:\xampp\htdocs\larus2\trunk\vendor\laravel\framework\src\Illuminate\View\View.php(147): Illuminate\View\Engines\CompilerEngine->get('D:\\xampp\\htdocs...', Array)
#9 D:\xampp\htdocs\larus2\trunk\vendor\laravel\framework\src\Illuminate\View\View.php(118): Illuminate\View\View->getContents()
#10 D:\xampp\htdocs\larus2\trunk\vendor\laravel\framework\src\Illuminate\View\View.php(83): Illuminate\View\View->renderContents()
#11 D:\xampp\htdocs\larus2\trunk\vendor\laravel\framework\src\Illuminate\Http\Response.php(51): Illuminate\View\View->render()
#12 D:\xampp\htdocs\larus2\trunk\vendor\symfony\http-foundation\Response.php(202): Illuminate\Http\Response->setContent(Object(Illuminate\View\View))
#13 D:\xampp\htdocs\larus2\trunk\vendor\laravel\framework\src\Illuminate\Routing\ResponseFactory.php(57): Symfony\Component\HttpFoundation\Response->__construct(Object(Illuminate\View\View), 404, Array)
#14 D:\xampp\htdocs\larus2\trunk\vendor\laravel\framework\src\Illuminate\Routing\ResponseFactory.php(71): Illuminate\Routing\ResponseFactory->make(Object(Illuminate\View\View), 404, Array)
#15 D:\xampp\htdocs\larus2\trunk\vendor\laravel\framework\src\Illuminate\Foundation\Exceptions\Handler.php(141): Illuminate\Routing\ResponseFactory->view('errors.404', Array, 404)
#16 D:\xampp\htdocs\larus2\trunk\vendor\laravel\framework\src\Illuminate\Foundation\Exceptions\Handler.php(96): Illuminate\Foundation\Exceptions\Handler->renderHttpException(Object(Symfony\Component\HttpKernel\Exception\NotFoundHttpException))
#17 D:\xampp\htdocs\larus2\trunk\app\Exceptions\Handler.php(39): Illuminate\Foundation\Exceptions\Handler->render(Object(Illuminate\Http\Request), Object(Symfony\Component\HttpKernel\Exception\NotFoundHttpException))
#18 D:\xampp\htdocs\larus2\trunk\vendor\laravel\framework\src\Illuminate\Foundation\Http\Kernel.php(281): App\Exceptions\Handler->render(Object(Illuminate\Http\Request), Object(Symfony\Component\HttpKernel\Exception\NotFoundHttpException))
#19 D:\xampp\htdocs\larus2\trunk\vendor\laravel\framework\src\Illuminate\Foundation\Http\Kernel.php(91): Illuminate\Foundation\Http\Kernel->renderException(Object(Illuminate\Http\Request), Object(Symfony\Component\HttpKernel\Exception\NotFoundHttpException))
#20 D:\xampp\htdocs\larus2\trunk\public\index.php(53): Illuminate\Foundation\Http\Kernel->handle(Object(Illuminate\Http\Request))
#21 {main}

Next exception 'ErrorException' with message 'Route [fueraservicio.index] not defined. (View: D:\xampp\htdocs\larus2\trunk\resources\views\partials\sidebar.blade.php) (View: D:\xampp\htdocs\larus2\trunk\resources\views\partials\sidebar.blade.php) (View: D:\xampp\htdocs\larus2\trunk\resources\views\partials\sidebar.blade.php)' in D:\xampp\htdocs\larus2\trunk\vendor\laravel\framework\src\Illuminate\Routing\UrlGenerator.php:306
Stack trace:
#0 D:\xampp\htdocs\larus2\trunk\vendor\laravel\framework\src\Illuminate\View\Engines\PhpEngine.php(44): Illuminate\View\Engines\CompilerEngine->handleViewException(Object(ErrorException), 1)
#1 D:\xampp\htdocs\larus2\trunk\vendor\laravel\framework\src\Illuminate\View\Engines\CompilerEngine.php(58): Illuminate\View\Engines\PhpEngine->evaluatePath('D:\\xampp\\htdocs...', Array)
#2 D:\xampp\htdocs\larus2\trunk\vendor\laravel\framework\src\Illuminate\View\View.php(147): Illuminate\View\Engines\CompilerEngine->get('D:\\xampp\\htdocs...', Array)
#3 D:\xampp\htdocs\larus2\trunk\vendor\laravel\framework\src\Illuminate\View\View.php(118): Illuminate\View\View->getContents()
#4 D:\xampp\htdocs\larus2\trunk\vendor\laravel\framework\src\Illuminate\View\View.php(83): Illuminate\View\View->renderContents()
#5 D:\xampp\htdocs\larus2\trunk\vendor\laravel\framework\src\Illuminate\Http\Response.php(51): Illuminate\View\View->render()
#6 D:\xampp\htdocs\larus2\trunk\vendor\symfony\http-foundation\Response.php(202): Illuminate\Http\Response->setContent(Object(Illuminate\View\View))
#7 D:\xampp\htdocs\larus2\trunk\vendor\laravel\framework\src\Illuminate\Routing\ResponseFactory.php(57): Symfony\Component\HttpFoundation\Response->__construct(Object(Illuminate\View\View), 404, Array)
#8 D:\xampp\htdocs\larus2\trunk\vendor\laravel\framework\src\Illuminate\Routing\ResponseFactory.php(71): Illuminate\Routing\ResponseFactory->make(Object(Illuminate\View\View), 404, Array)
#9 D:\xampp\htdocs\larus2\trunk\vendor\laravel\framework\src\Illuminate\Foundation\Exceptions\Handler.php(141): Illuminate\Routing\ResponseFactory->view('errors.404', Array, 404)
#10 D:\xampp\htdocs\larus2\trunk\vendor\laravel\framework\src\Illuminate\Foundation\Exceptions\Handler.php(96): Illuminate\Foundation\Exceptions\Handler->renderHttpException(Object(Symfony\Component\HttpKernel\Exception\NotFoundHttpException))
#11 D:\xampp\htdocs\larus2\trunk\app\Exceptions\Handler.php(39): Illuminate\Foundation\Exceptions\Handler->render(Object(Illuminate\Http\Request), Object(Symfony\Component\HttpKernel\Exception\NotFoundHttpException))
#12 D:\xampp\htdocs\larus2\trunk\vendor\laravel\framework\src\Illuminate\Foundation\Http\Kernel.php(281): App\Exceptions\Handler->render(Object(Illuminate\Http\Request), Object(Symfony\Component\HttpKernel\Exception\NotFoundHttpException))
#13 D:\xampp\htdocs\larus2\trunk\vendor\laravel\framework\src\Illuminate\Foundation\Http\Kernel.php(91): Illuminate\Foundation\Http\Kernel->renderException(Object(Illuminate\Http\Request), Object(Symfony\Component\HttpKernel\Exception\NotFoundHttpException))
#14 D:\xampp\htdocs\larus2\trunk\public\index.php(53): Illuminate\Foundation\Http\Kernel->handle(Object(Illuminate\Http\Request))
#15 {main}  
